<?xml version="1.0" encoding="UTF-8"?>
<!-- Generated by org.testng.reporters.JUnitXMLReporter -->
<testsuite hostname="DESKTOP-3IBL0LU" ignored="0" name="APITest" tests="5" failures="0" timestamp="09 Jul 2020 06:58:17 GMT" time="132.192" errors="0">
  <testcase name="dragTest" time="33.608" classname="Implementation.DragDrop"/>
  <testcase name="Guesture" time="26.436" classname="Implementation.Gestures"/>
  <testcase name="swipeTest" time="26.775" classname="Implementation.SwipeDemo"/>
  <testcase name="ScrollDemo" time="20.66" classname="Implementation.ScrollTest"/>
  <testcase name="wifiSettings" time="24.629" classname="Implementation.WiFiDemo"/>
</testsuite> <!-- APITest -->
