<?xml version="1.0" encoding="UTF-8"?>
<!-- Generated by org.testng.reporters.JUnitXMLReporter -->
<testsuite hostname="DESKTOP-3IBL0LU" ignored="0" name="Test" tests="1" failures="1" timestamp="16 Jul 2020 17:38:39 GMT" time="76.853" errors="0">
  <testcase name="addtocart" time="74.3" classname="AppiumFinalDemo.FlipKartDemo.TestCase1">
    <failure type="org.openqa.selenium.NoSuchElementException" message="An element could not be located on the page using the given search parameters.
For documentation on this error, please visit: https://www.seleniumhq.org/exceptions/no_such_element.html
Build info: version: &amp;apos;3.141.59&amp;apos;, revision: &amp;apos;e82be7d358&amp;apos;, time: &amp;apos;2018-11-14T08:17:03&amp;apos;
System info: host: &amp;apos;DESKTOP-3IBL0LU&amp;apos;, ip: &amp;apos;192.168.0.171&amp;apos;, os.name: &amp;apos;Windows 10&amp;apos;, os.arch: &amp;apos;amd64&amp;apos;, os.version: &amp;apos;10.0&amp;apos;, java.version: &amp;apos;1.8.0_231&amp;apos;
Driver info: io.appium.java_client.android.AndroidDriver
Capabilities {app: C:\Users\ShriGanesh\eclipse..., appActivity: com.flipkart.android.activi..., appPackage: com.flipkart.android, automationName: UiAutomator1, databaseEnabled: false, desired: {app: C:\Users\ShriGanesh\eclipse..., appActivity: com.flipkart.android.activi..., appPackage: com.flipkart.android, automationName: UiAutomator1, deviceName: Android Device, fullReset: false, noReset: true, platformName: android}, deviceManufacturer: Xiaomi, deviceModel: Mi A1, deviceName: 35db297c0704, deviceScreenSize: 1080x1920, deviceUDID: 35db297c0704, fullReset: false, javascriptEnabled: true, locationContextEnabled: false, networkConnectionEnabled: true, noReset: true, platform: LINUX, platformName: Android, platformVersion: 9, takesScreenshot: true, warnings: {}, webStorageEnabled: false}
Session ID: 82641783-0ede-4f43-9b65-1fcff07ade65
*** Element info: {Using=xpath, value=//android.widget.TextView[@text=&amp;apos;Place Order&amp;apos;]}">
      <![CDATA[org.openqa.selenium.NoSuchElementException: An element could not be located on the page using the given search parameters.
For documentation on this error, please visit: https://www.seleniumhq.org/exceptions/no_such_element.html
Build info: version: '3.141.59', revision: 'e82be7d358', time: '2018-11-14T08:17:03'
System info: host: 'DESKTOP-3IBL0LU', ip: '192.168.0.171', os.name: 'Windows 10', os.arch: 'amd64', os.version: '10.0', java.version: '1.8.0_231'
Driver info: io.appium.java_client.android.AndroidDriver
Capabilities {app: C:\Users\ShriGanesh\eclipse..., appActivity: com.flipkart.android.activi..., appPackage: com.flipkart.android, automationName: UiAutomator1, databaseEnabled: false, desired: {app: C:\Users\ShriGanesh\eclipse..., appActivity: com.flipkart.android.activi..., appPackage: com.flipkart.android, automationName: UiAutomator1, deviceName: Android Device, fullReset: false, noReset: true, platformName: android}, deviceManufacturer: Xiaomi, deviceModel: Mi A1, deviceName: 35db297c0704, deviceScreenSize: 1080x1920, deviceUDID: 35db297c0704, fullReset: false, javascriptEnabled: true, locationContextEnabled: false, networkConnectionEnabled: true, noReset: true, platform: LINUX, platformName: Android, platformVersion: 9, takesScreenshot: true, warnings: {}, webStorageEnabled: false}
Session ID: 82641783-0ede-4f43-9b65-1fcff07ade65
*** Element info: {Using=xpath, value=//android.widget.TextView[@text='Place Order']}
at org.openqa.selenium.remote.http.W3CHttpResponseCodec.createException(W3CHttpResponseCodec.java:187)
at org.openqa.selenium.remote.http.W3CHttpResponseCodec.decode(W3CHttpResponseCodec.java:122)
at org.openqa.selenium.remote.http.W3CHttpResponseCodec.decode(W3CHttpResponseCodec.java:49)
at org.openqa.selenium.remote.HttpCommandExecutor.execute(HttpCommandExecutor.java:158)
at io.appium.java_client.remote.AppiumCommandExecutor.execute(AppiumCommandExecutor.java:239)
at org.openqa.selenium.remote.RemoteWebDriver.execute(RemoteWebDriver.java:552)
at io.appium.java_client.DefaultGenericMobileDriver.execute(DefaultGenericMobileDriver.java:41)
at io.appium.java_client.AppiumDriver.execute(AppiumDriver.java:1)
at io.appium.java_client.android.AndroidDriver.execute(AndroidDriver.java:1)
at org.openqa.selenium.remote.RemoteWebDriver.findElement(RemoteWebDriver.java:323)
at io.appium.java_client.DefaultGenericMobileDriver.findElement(DefaultGenericMobileDriver.java:61)
at io.appium.java_client.AppiumDriver.findElement(AppiumDriver.java:1)
at io.appium.java_client.android.AndroidDriver.findElement(AndroidDriver.java:1)
at org.openqa.selenium.remote.RemoteWebDriver.findElementByXPath(RemoteWebDriver.java:428)
at io.appium.java_client.DefaultGenericMobileDriver.findElementByXPath(DefaultGenericMobileDriver.java:151)
at io.appium.java_client.AppiumDriver.findElementByXPath(AppiumDriver.java:1)
at io.appium.java_client.android.AndroidDriver.findElementByXPath(AndroidDriver.java:1)
at org.openqa.selenium.By$ByXPath.findElement(By.java:353)
at org.openqa.selenium.remote.RemoteWebDriver.findElement(RemoteWebDriver.java:315)
at io.appium.java_client.DefaultGenericMobileDriver.findElement(DefaultGenericMobileDriver.java:57)
at io.appium.java_client.AppiumDriver.findElement(AppiumDriver.java:1)
at io.appium.java_client.android.AndroidDriver.findElement(AndroidDriver.java:1)
at AppiumFinalDemo.FlipKartDemo.TestCase1.addtocart(TestCase1.java:57)
... Removed 29 stack frames]]>
    </failure>
  </testcase> <!-- addtocart -->
</testsuite> <!-- Test -->
